Start testing: Aug 21 10:09 CEST
----------------------------------------------------------
1/1 Testing: ExactReconstruction
1/1 Test: ExactReconstruction
Command: "/home/garci/proyectos/v4s12-embedded/build/test_exact_reconstruction"
Directory: /home/garci/proyectos/v4s12-embedded/build
"ExactReconstruction" start time: Aug 21 10:09 CEST
Output:
----------------------------------------------------------
Ejecutando verificacion matematica libv4s12...
[OK] Reconstruccion exacta MSE = 0.0000 verificada.
[OK] Cuantizacion geométrica S12 verificada.
<end of output>
Test time =   0.00 sec
----------------------------------------------------------
Test Passed.
"ExactReconstruction" end time: Aug 21 10:09 CEST
"ExactReconstruction" time elapsed: 00:00:00
----------------------------------------------------------

End testing: Aug 21 10:09 CEST
